<?xml version="1.0" encoding="UTF-8"?>
<!-- Generated by org.testng.reporters.JUnitReportReporter -->
<testsuite skipped="0" hostname="DESKTOP-7SGARNL" name="practise.AppiumFramework.testNGdemo" tests="1" failures="0" timestamp="10 May 2020 09:56:33 GMT" time="0.007" errors="0">
  <testcase name="demo" time="0.007" classname="practise.AppiumFramework.testNGdemo"/>
</testsuite> <!-- practise.AppiumFramework.testNGdemo -->
