<?xml version="1.0" encoding="UTF-8"?>
<!-- Generated by org.testng.reporters.JUnitReportReporter -->
<testsuite skipped="0" hostname="DESKTOP-7SGARNL" name="practise.AppiumFramework.testNGdemo2" tests="1" failures="0" timestamp="10 May 2020 09:56:33 GMT" time="0.001" errors="0">
  <testcase name="demo2" time="0.001" classname="practise.AppiumFramework.testNGdemo2"/>
</testsuite> <!-- practise.AppiumFramework.testNGdemo2 -->
